  Creating makefile for MordhauEditor (no existing makefile)
  Performing full C++ include scan (no include cache file)
  Using Visual Studio 2017 14.20.27027 toolchain (c:\Microsoft Visual Studio\2019\Preview\VC\Tools\MSVC\14.20.27027) and Windows 10.0.17763.0 SDK (D:\Windows Kits\10).
C:\Program Files\Epic Games\UE_4.20\Enterprise\Plugins\Editor\DatasmithMDLImporter\Source\DatasmithMDLImporter\DatasmithMDLImporter.Build.cs : warning : Referenced directory 'C:\Program Files\Epic Games\UE_4.20\Enterprise\Plugins\Editor\DatasmithMDLImporter\Source\ThirdParty\NotForLicensees\AxF-Decoding-SDK-1.5.1\include' does not exist.
C:\Program Files\Epic Games\UE_4.20\Enterprise\Plugins\Editor\DatasmithMDLImporter\Source\DatasmithMDLImporter\DatasmithMDLImporter.Build.cs : warning : Referenced directory 'C:\Program Files\Epic Games\UE_4.20\Enterprise\Plugins\Editor\DatasmithMDLImporter\Source\ThirdParty\NotForLicensees\mdl-sdk-302800.547\include' does not exist.
  Parsing headers for MordhauEditor
    Running UnrealHeaderTool "C:\Users\Y0L0S.DESKTOP-LE6HALS\Documents\Unreal Projects\Mordhau\Mordhau.uproject" "C:\Users\Y0L0S.DESKTOP-LE6HALS\Documents\Unreal Projects\Mordhau\Intermediate\Build\Win64\MordhauEditor\Development\MordhauEditor.uhtmanifest" -LogCmds="loginit warning, logexit warning, logdatabase error" -Unattended -WarningsAsErrors -installed
  Reflection code generated for MordhauEditor in 21.4226889 seconds
  Deleting old hot reload file: "C:\Users\Y0L0S.DESKTOP-LE6HALS\Documents\Unreal Projects\Mordhau\Binaries\Win64\UE4Editor-Mordhau-6171.dll".
  Deleting old hot reload file: "C:\Users\Y0L0S.DESKTOP-LE6HALS\Documents\Unreal Projects\Mordhau\Binaries\Win64\UE4Editor-Mordhau-6171.pdb".
  Building 22 actions with 12 processes...
    [1/22] PCLaunch.rc
    [2/22] SharedPCH.Engine.cpp
    Detected compiler newer than Visual Studio 2017, please update min version checking in WindowsPlatformCompilerSetup.h
    [3/22] Module.Mordhau.gen.11_of_17.cpp
    [4/22] Module.Mordhau.gen.7_of_17.cpp
    [5/22] Module.Mordhau.gen.14_of_17.cpp
    [6/22] Module.Mordhau.gen.1_of_17.cpp
    [7/22] Module.Mordhau.gen.3_of_17.cpp
    [8/22] Module.Mordhau.gen.10_of_17.cpp
    [9/22] Module.Mordhau.gen.12_of_17.cpp
    [10/22] Module.Mordhau.gen.4_of_17.cpp
    [11/22] Module.Mordhau.gen.13_of_17.cpp
    [12/22] Module.Mordhau.gen.16_of_17.cpp
    [13/22] Module.Mordhau.gen.9_of_17.cpp
    [14/22] Module.Mordhau.gen.6_of_17.cpp
    [15/22] Module.Mordhau.gen.15_of_17.cpp
    [16/22] Module.Mordhau.gen.2_of_17.cpp
    [17/22] Module.Mordhau.gen.5_of_17.cpp
    [18/22] Module.Mordhau.gen.8_of_17.cpp
    [19/22] Module.Mordhau.gen.17_of_17.cpp
    [20/22] Module.Mordhau.cpp
    [21/22] UE4Editor-Mordhau.lib
       Creating library C:\Users\Y0L0S.DESKTOP-LE6HALS\Documents\Unreal Projects\Mordhau\Intermediate\Build\Win64\UE4Editor\Development\Mordhau\UE4Editor-Mordhau.lib and object C:\Users\Y0L0S.DESKTOP-LE6HALS\Documents\Unreal Projects\Mordhau\Intermediate\Build\Win64\UE4Editor\Development\Mordhau\UE4Editor-Mordhau.exp
    [22/22] UE4Editor-Mordhau.dll
       Creating library C:\Users\Y0L0S.DESKTOP-LE6HALS\Documents\Unreal Projects\Mordhau\Intermediate\Build\Win64\UE4Editor\Development\Mordhau\UE4Editor-Mordhau.suppressed.lib and object C:\Users\Y0L0S.DESKTOP-LE6HALS\Documents\Unreal Projects\Mordhau\Intermediate\Build\Win64\UE4Editor\Development\Mordhau\UE4Editor-Mordhau.suppressed.exp
  Deploying MordhauEditor Win64 Development...
  Total build time: 193.90 seconds (Parallel executor: 130.67 seconds)
